Could not import relationship with objects ('Z07_El', 'ElProduced') into 'unit__from_node': Some of the objects in relationship 'unit__from_node_Z07_El__ElProduced' are invalid.
Could not import relationship with objects ('Z07_El', 'ElProduced') into 'unit__from_node': Some of the objects in relationship 'unit__from_node_Z07_El__ElProduced' are invalid.
Could not import relationship with objects ('Z08_El', 'ElProduced') into 'unit__from_node': Some of the objects in relationship 'unit__from_node_Z08_El__ElProduced' are invalid.
Could not import relationship with objects ('Z08_El', 'ElProduced') into 'unit__from_node': Some of the objects in relationship 'unit__from_node_Z08_El__ElProduced' are invalid.
Could not import relationship with objects ('Z09_El', 'ElProduced') into 'unit__from_node': Some of the objects in relationship 'unit__from_node_Z09_El__ElProduced' are invalid.
Could not import relationship with objects ('Z09_El', 'ElProduced') into 'unit__from_node': Some of the objects in relationship 'unit__from_node_Z09_El__ElProduced' are invalid.
Could not import relationship with objects ('Z10_El', 'ElProduced') into 'unit__from_node': Some of the objects in relationship 'unit__from_node_Z10_El__ElProduced' are invalid.
Could not import relationship with objects ('Z10_El', 'ElProduced') into 'unit__from_node': Some of the objects in relationship 'unit__from_node_Z10_El__ElProduced' are invalid.
Could not import relationship with objects ('Z11_El', 'ElProduced') into 'unit__from_node': Some of the objects in relationship 'unit__from_node_Z11_El__ElProduced' are invalid.
Could not import relationship with objects ('Z11_El', 'ElProduced') into 'unit__from_node': Some of the objects in relationship 'unit__from_node_Z11_El__ElProduced' are invalid.
Could not import relationship with objects ('Z07_SellingElectricity', 'Z07') into 'unit__from_node': Some of the objects in relationship 'unit__from_node_Z07_SellingElectricity__Z07' are invalid.
Could not import relationship with objects ('Z07_SellingElectricity', 'Z07') into 'unit__from_node': Some of the objects in relationship 'unit__from_node_Z07_SellingElectricity__Z07' are invalid.
Could not import relationship with objects ('Z08_SellingElectricity', 'Z08') into 'unit__from_node': Some of the objects in relationship 'unit__from_node_Z08_SellingElectricity__Z08' are invalid.
Could not import relationship with objects ('Z08_SellingElectricity', 'Z08') into 'unit__from_node': Some of the objects in relationship 'unit__from_node_Z08_SellingElectricity__Z08' are invalid.
Could not import relationship with objects ('Z09_SellingElectricity', 'Z09') into 'unit__from_node': Some of the objects in relationship 'unit__from_node_Z09_SellingElectricity__Z09' are invalid.
Could not import relationship with objects ('Z09_SellingElectricity', 'Z09') into 'unit__from_node': Some of the objects in relationship 'unit__from_node_Z09_SellingElectricity__Z09' are invalid.
Could not import relationship with objects ('Z10_SellingElectricity', 'Z10') into 'unit__from_node': Some of the objects in relationship 'unit__from_node_Z10_SellingElectricity__Z10' are invalid.
Could not import relationship with objects ('Z10_SellingElectricity', 'Z10') into 'unit__from_node': Some of the objects in relationship 'unit__from_node_Z10_SellingElectricity__Z10' are invalid.
Could not import relationship with objects ('Z11_SellingElectricity', 'Z11') into 'unit__from_node': Some of the objects in relationship 'unit__from_node_Z11_SellingElectricity__Z11' are invalid.
Could not import relationship with objects ('Z11_SellingElectricity', 'Z11') into 'unit__from_node': Some of the objects in relationship 'unit__from_node_Z11_SellingElectricity__Z11' are invalid.
Could not import relationship with objects ('Z07_El', 'ElProduced') into 'unit__from_node': Some of the objects in relationship 'unit__from_node_Z07_El__ElProduced' are invalid.
Could not import relationship with objects ('Z07_El', 'ElProduced') into 'unit__from_node': Some of the objects in relationship 'unit__from_node_Z07_El__ElProduced' are invalid.
Could not import relationship with objects ('Z08_El', 'ElProduced') into 'unit__from_node': Some of the objects in relationship 'unit__from_node_Z08_El__ElProduced' are invalid.
Could not import relationship with objects ('Z08_El', 'ElProduced') into 'unit__from_node': Some of the objects in relationship 'unit__from_node_Z08_El__ElProduced' are invalid.
Could not import relationship with objects ('Z09_El', 'ElProduced') into 'unit__from_node': Some of the objects in relationship 'unit__from_node_Z09_El__ElProduced' are invalid.
Could not import relationship with objects ('Z09_El', 'ElProduced') into 'unit__from_node': Some of the objects in relationship 'unit__from_node_Z09_El__ElProduced' are invalid.
Could not import relationship with objects ('Z10_El', 'ElProduced') into 'unit__from_node': Some of the objects in relationship 'unit__from_node_Z10_El__ElProduced' are invalid.
Could not import relationship with objects ('Z10_El', 'ElProduced') into 'unit__from_node': Some of the objects in relationship 'unit__from_node_Z10_El__ElProduced' are invalid.
Could not import relationship with objects ('Z11_El', 'ElProduced') into 'unit__from_node': Some of the objects in relationship 'unit__from_node_Z11_El__ElProduced' are invalid.
Could not import relationship with objects ('Z11_El', 'ElProduced') into 'unit__from_node': Some of the objects in relationship 'unit__from_node_Z11_El__ElProduced' are invalid.
Could not import relationship with objects ('Z07_SellingElectricity', 'Z07') into 'unit__from_node': Some of the objects in relationship 'unit__from_node_Z07_SellingElectricity__Z07' are invalid.
Could not import relationship with objects ('Z07_SellingElectricity', 'Z07') into 'unit__from_node': Some of the objects in relationship 'unit__from_node_Z07_SellingElectricity__Z07' are invalid.
Could not import relationship with objects ('Z08_SellingElectricity', 'Z08') into 'unit__from_node': Some of the objects in relationship 'unit__from_node_Z08_SellingElectricity__Z08' are invalid.
Could not import relationship with objects ('Z08_SellingElectricity', 'Z08') into 'unit__from_node': Some of the objects in relationship 'unit__from_node_Z08_SellingElectricity__Z08' are invalid.
Could not import relationship with objects ('Z09_SellingElectricity', 'Z09') into 'unit__from_node': Some of the objects in relationship 'unit__from_node_Z09_SellingElectricity__Z09' are invalid.
Could not import relationship with objects ('Z09_SellingElectricity', 'Z09') into 'unit__from_node': Some of the objects in relationship 'unit__from_node_Z09_SellingElectricity__Z09' are invalid.
Could not import relationship with objects ('Z10_SellingElectricity', 'Z10') into 'unit__from_node': Some of the objects in relationship 'unit__from_node_Z10_SellingElectricity__Z10' are invalid.
Could not import relationship with objects ('Z10_SellingElectricity', 'Z10') into 'unit__from_node': Some of the objects in relationship 'unit__from_node_Z10_SellingElectricity__Z10' are invalid.
Could not import relationship with objects ('Z11_SellingElectricity', 'Z11') into 'unit__from_node': Some of the objects in relationship 'unit__from_node_Z11_SellingElectricity__Z11' are invalid.
Could not import relationship with objects ('Z11_SellingElectricity', 'Z11') into 'unit__from_node': Some of the objects in relationship 'unit__from_node_Z11_SellingElectricity__Z11' are invalid.
Could not import relationship with objects ('Z07_El', 'ElProduced') into 'unit__from_node': Some of the objects in relationship 'unit__from_node_Z07_El__ElProduced' are invalid.
Could not import relationship with objects ('Z07_El', 'ElProduced') into 'unit__from_node': Some of the objects in relationship 'unit__from_node_Z07_El__ElProduced' are invalid.
Could not import relationship with objects ('Z08_El', 'ElProduced') into 'unit__from_node': Some of the objects in relationship 'unit__from_node_Z08_El__ElProduced' are invalid.
Could not import relationship with objects ('Z08_El', 'ElProduced') into 'unit__from_node': Some of the objects in relationship 'unit__from_node_Z08_El__ElProduced' are invalid.
Could not import relationship with objects ('Z09_El', 'ElProduced') into 'unit__from_node': Some of the objects in relationship 'unit__from_node_Z09_El__ElProduced' are invalid.
Could not import relationship with objects ('Z09_El', 'ElProduced') into 'unit__from_node': Some of the objects in relationship 'unit__from_node_Z09_El__ElProduced' are invalid.
Could not import relationship with objects ('Z10_El', 'ElProduced') into 'unit__from_node': Some of the objects in relationship 'unit__from_node_Z10_El__ElProduced' are invalid.
Could not import relationship with objects ('Z10_El', 'ElProduced') into 'unit__from_node': Some of the objects in relationship 'unit__from_node_Z10_El__ElProduced' are invalid.
Could not import relationship with objects ('Z11_El', 'ElProduced') into 'unit__from_node': Some of the objects in relationship 'unit__from_node_Z11_El__ElProduced' are invalid.
Could not import relationship with objects ('Z11_El', 'ElProduced') into 'unit__from_node': Some of the objects in relationship 'unit__from_node_Z11_El__ElProduced' are invalid.
Could not import relationship with objects ('Z07_SellingElectricity', 'Z07') into 'unit__from_node': Some of the objects in relationship 'unit__from_node_Z07_SellingElectricity__Z07' are invalid.
Could not import relationship with objects ('Z07_SellingElectricity', 'Z07') into 'unit__from_node': Some of the objects in relationship 'unit__from_node_Z07_SellingElectricity__Z07' are invalid.
Could not import relationship with objects ('Z08_SellingElectricity', 'Z08') into 'unit__from_node': Some of the objects in relationship 'unit__from_node_Z08_SellingElectricity__Z08' are invalid.
Could not import relationship with objects ('Z08_SellingElectricity', 'Z08') into 'unit__from_node': Some of the objects in relationship 'unit__from_node_Z08_SellingElectricity__Z08' are invalid.
Could not import relationship with objects ('Z09_SellingElectricity', 'Z09') into 'unit__from_node': Some of the objects in relationship 'unit__from_node_Z09_SellingElectricity__Z09' are invalid.
Could not import relationship with objects ('Z09_SellingElectricity', 'Z09') into 'unit__from_node': Some of the objects in relationship 'unit__from_node_Z09_SellingElectricity__Z09' are invalid.
Could not import relationship with objects ('Z10_SellingElectricity', 'Z10') into 'unit__from_node': Some of the objects in relationship 'unit__from_node_Z10_SellingElectricity__Z10' are invalid.
Could not import relationship with objects ('Z10_SellingElectricity', 'Z10') into 'unit__from_node': Some of the objects in relationship 'unit__from_node_Z10_SellingElectricity__Z10' are invalid.
Could not import relationship with objects ('Z11_SellingElectricity', 'Z11') into 'unit__from_node': Some of the objects in relationship 'unit__from_node_Z11_SellingElectricity__Z11' are invalid.
Could not import relationship with objects ('Z11_SellingElectricity', 'Z11') into 'unit__from_node': Some of the objects in relationship 'unit__from_node_Z11_SellingElectricity__Z11' are invalid.
Could not import relationship with objects ('Z07_El', 'ElProduced') into 'unit__from_node': Some of the objects in relationship 'unit__from_node_Z07_El__ElProduced' are invalid.
Could not import relationship with objects ('Z07_El', 'ElProduced') into 'unit__from_node': Some of the objects in relationship 'unit__from_node_Z07_El__ElProduced' are invalid.
Could not import relationship with objects ('Z08_El', 'ElProduced') into 'unit__from_node': Some of the objects in relationship 'unit__from_node_Z08_El__ElProduced' are invalid.
Could not import relationship with objects ('Z08_El', 'ElProduced') into 'unit__from_node': Some of the objects in relationship 'unit__from_node_Z08_El__ElProduced' are invalid.
Could not import relationship with objects ('Z09_El', 'ElProduced') into 'unit__from_node': Some of the objects in relationship 'unit__from_node_Z09_El__ElProduced' are invalid.
Could not import relationship with objects ('Z09_El', 'ElProduced') into 'unit__from_node': Some of the objects in relationship 'unit__from_node_Z09_El__ElProduced' are invalid.
Could not import relationship with objects ('Z10_El', 'ElProduced') into 'unit__from_node': Some of the objects in relationship 'unit__from_node_Z10_El__ElProduced' are invalid.
Could not import relationship with objects ('Z10_El', 'ElProduced') into 'unit__from_node': Some of the objects in relationship 'unit__from_node_Z10_El__ElProduced' are invalid.
Could not import relationship with objects ('Z11_El', 'ElProduced') into 'unit__from_node': Some of the objects in relationship 'unit__from_node_Z11_El__ElProduced' are invalid.
Could not import relationship with objects ('Z11_El', 'ElProduced') into 'unit__from_node': Some of the objects in relationship 'unit__from_node_Z11_El__ElProduced' are invalid.
Could not import relationship with objects ('Z07_SellingElectricity', 'Z07') into 'unit__from_node': Some of the objects in relationship 'unit__from_node_Z07_SellingElectricity__Z07' are invalid.
Could not import relationship with objects ('Z07_SellingElectricity', 'Z07') into 'unit__from_node': Some of the objects in relationship 'unit__from_node_Z07_SellingElectricity__Z07' are invalid.
Could not import relationship with objects ('Z08_SellingElectricity', 'Z08') into 'unit__from_node': Some of the objects in relationship 'unit__from_node_Z08_SellingElectricity__Z08' are invalid.
Could not import relationship with objects ('Z08_SellingElectricity', 'Z08') into 'unit__from_node': Some of the objects in relationship 'unit__from_node_Z08_SellingElectricity__Z08' are invalid.
Could not import relationship with objects ('Z09_SellingElectricity', 'Z09') into 'unit__from_node': Some of the objects in relationship 'unit__from_node_Z09_SellingElectricity__Z09' are invalid.
Could not import relationship with objects ('Z09_SellingElectricity', 'Z09') into 'unit__from_node': Some of the objects in relationship 'unit__from_node_Z09_SellingElectricity__Z09' are invalid.
Could not import relationship with objects ('Z10_SellingElectricity', 'Z10') into 'unit__from_node': Some of the objects in relationship 'unit__from_node_Z10_SellingElectricity__Z10' are invalid.
Could not import relationship with objects ('Z10_SellingElectricity', 'Z10') into 'unit__from_node': Some of the objects in relationship 'unit__from_node_Z10_SellingElectricity__Z10' are invalid.
Could not import relationship with objects ('Z11_SellingElectricity', 'Z11') into 'unit__from_node': Some of the objects in relationship 'unit__from_node_Z11_SellingElectricity__Z11' are invalid.
Could not import relationship with objects ('Z11_SellingElectricity', 'Z11') into 'unit__from_node': Some of the objects in relationship 'unit__from_node_Z11_SellingElectricity__Z11' are invalid.
Could not import relationship with objects ('Z07_SellingWasteheat', 'Z07_PotWasteheat') into 'unit__from_node': Some of the objects in relationship 'unit__from_node_Z07_SellingWasteheat__Z07_PotWasteheat' are invalid.
Could not import relationship with objects ('Z07_SellingWasteheat', 'Z07_PotWasteheat') into 'unit__from_node': Some of the objects in relationship 'unit__from_node_Z07_SellingWasteheat__Z07_PotWasteheat' are invalid.
Could not import relationship with objects ('Z08_SellingWasteheat', 'Z08_PotWasteheat') into 'unit__from_node': Some of the objects in relationship 'unit__from_node_Z08_SellingWasteheat__Z08_PotWasteheat' are invalid.
Could not import relationship with objects ('Z08_SellingWasteheat', 'Z08_PotWasteheat') into 'unit__from_node': Some of the objects in relationship 'unit__from_node_Z08_SellingWasteheat__Z08_PotWasteheat' are invalid.
Could not import relationship with objects ('Z09_SellingWasteheat', 'Z09_PotWasteheat') into 'unit__from_node': Some of the objects in relationship 'unit__from_node_Z09_SellingWasteheat__Z09_PotWasteheat' are invalid.
Could not import relationship with objects ('Z09_SellingWasteheat', 'Z09_PotWasteheat') into 'unit__from_node': Some of the objects in relationship 'unit__from_node_Z09_SellingWasteheat__Z09_PotWasteheat' are invalid.
Could not import relationship with objects ('Z10_SellingWasteheat', 'Z10_PotWasteheat') into 'unit__from_node': Some of the objects in relationship 'unit__from_node_Z10_SellingWasteheat__Z10_PotWasteheat' are invalid.
Could not import relationship with objects ('Z10_SellingWasteheat', 'Z10_PotWasteheat') into 'unit__from_node': Some of the objects in relationship 'unit__from_node_Z10_SellingWasteheat__Z10_PotWasteheat' are invalid.
Could not import relationship with objects ('Z11_SellingWasteheat', 'Z11_PotWasteheat') into 'unit__from_node': Some of the objects in relationship 'unit__from_node_Z11_SellingWasteheat__Z11_PotWasteheat' are invalid.
Could not import relationship with objects ('Z11_SellingWasteheat', 'Z11_PotWasteheat') into 'unit__from_node': Some of the objects in relationship 'unit__from_node_Z11_SellingWasteheat__Z11_PotWasteheat' are invalid.
Could not import relationship with objects ('Z07_SellingWasteheat', 'Z07_PotWasteheat') into 'unit__from_node': Some of the objects in relationship 'unit__from_node_Z07_SellingWasteheat__Z07_PotWasteheat' are invalid.
Could not import relationship with objects ('Z07_SellingWasteheat', 'Z07_PotWasteheat') into 'unit__from_node': Some of the objects in relationship 'unit__from_node_Z07_SellingWasteheat__Z07_PotWasteheat' are invalid.
Could not import relationship with objects ('Z08_SellingWasteheat', 'Z08_PotWasteheat') into 'unit__from_node': Some of the objects in relationship 'unit__from_node_Z08_SellingWasteheat__Z08_PotWasteheat' are invalid.
Could not import relationship with objects ('Z08_SellingWasteheat', 'Z08_PotWasteheat') into 'unit__from_node': Some of the objects in relationship 'unit__from_node_Z08_SellingWasteheat__Z08_PotWasteheat' are invalid.
Could not import relationship with objects ('Z09_SellingWasteheat', 'Z09_PotWasteheat') into 'unit__from_node': Some of the objects in relationship 'unit__from_node_Z09_SellingWasteheat__Z09_PotWasteheat' are invalid.
Could not import relationship with objects ('Z09_SellingWasteheat', 'Z09_PotWasteheat') into 'unit__from_node': Some of the objects in relationship 'unit__from_node_Z09_SellingWasteheat__Z09_PotWasteheat' are invalid.
Could not import relationship with objects ('Z10_SellingWasteheat', 'Z10_PotWasteheat') into 'unit__from_node': Some of the objects in relationship 'unit__from_node_Z10_SellingWasteheat__Z10_PotWasteheat' are invalid.
Could not import relationship with objects ('Z10_SellingWasteheat', 'Z10_PotWasteheat') into 'unit__from_node': Some of the objects in relationship 'unit__from_node_Z10_SellingWasteheat__Z10_PotWasteheat' are invalid.
Could not import relationship with objects ('Z11_SellingWasteheat', 'Z11_PotWasteheat') into 'unit__from_node': Some of the objects in relationship 'unit__from_node_Z11_SellingWasteheat__Z11_PotWasteheat' are invalid.
Could not import relationship with objects ('Z11_SellingWasteheat', 'Z11_PotWasteheat') into 'unit__from_node': Some of the objects in relationship 'unit__from_node_Z11_SellingWasteheat__Z11_PotWasteheat' are invalid.
Could not import relationship with objects ('Z07_SellingWasteheat', 'Z07_PotWasteheat') into 'unit__from_node': Some of the objects in relationship 'unit__from_node_Z07_SellingWasteheat__Z07_PotWasteheat' are invalid.
Could not import relationship with objects ('Z07_SellingWasteheat', 'Z07_PotWasteheat') into 'unit__from_node': Some of the objects in relationship 'unit__from_node_Z07_SellingWasteheat__Z07_PotWasteheat' are invalid.
Could not import relationship with objects ('Z08_SellingWasteheat', 'Z08_PotWasteheat') into 'unit__from_node': Some of the objects in relationship 'unit__from_node_Z08_SellingWasteheat__Z08_PotWasteheat' are invalid.
Could not import relationship with objects ('Z08_SellingWasteheat', 'Z08_PotWasteheat') into 'unit__from_node': Some of the objects in relationship 'unit__from_node_Z08_SellingWasteheat__Z08_PotWasteheat' are invalid.
Could not import relationship with objects ('Z09_SellingWasteheat', 'Z09_PotWasteheat') into 'unit__from_node': Some of the objects in relationship 'unit__from_node_Z09_SellingWasteheat__Z09_PotWasteheat' are invalid.
Could not import relationship with objects ('Z09_SellingWasteheat', 'Z09_PotWasteheat') into 'unit__from_node': Some of the objects in relationship 'unit__from_node_Z09_SellingWasteheat__Z09_PotWasteheat' are invalid.
Could not import relationship with objects ('Z10_SellingWasteheat', 'Z10_PotWasteheat') into 'unit__from_node': Some of the objects in relationship 'unit__from_node_Z10_SellingWasteheat__Z10_PotWasteheat' are invalid.
Could not import relationship with objects ('Z10_SellingWasteheat', 'Z10_PotWasteheat') into 'unit__from_node': Some of the objects in relationship 'unit__from_node_Z10_SellingWasteheat__Z10_PotWasteheat' are invalid.
Could not import relationship with objects ('Z11_SellingWasteheat', 'Z11_PotWasteheat') into 'unit__from_node': Some of the objects in relationship 'unit__from_node_Z11_SellingWasteheat__Z11_PotWasteheat' are invalid.
Could not import relationship with objects ('Z11_SellingWasteheat', 'Z11_PotWasteheat') into 'unit__from_node': Some of the objects in relationship 'unit__from_node_Z11_SellingWasteheat__Z11_PotWasteheat' are invalid.
Could not import relationship with objects ('Z07_SellingWasteheat', 'Z07_PotWasteheat') into 'unit__from_node': Some of the objects in relationship 'unit__from_node_Z07_SellingWasteheat__Z07_PotWasteheat' are invalid.
Could not import relationship with objects ('Z07_SellingWasteheat', 'Z07_PotWasteheat') into 'unit__from_node': Some of the objects in relationship 'unit__from_node_Z07_SellingWasteheat__Z07_PotWasteheat' are invalid.
Could not import relationship with objects ('Z08_SellingWasteheat', 'Z08_PotWasteheat') into 'unit__from_node': Some of the objects in relationship 'unit__from_node_Z08_SellingWasteheat__Z08_PotWasteheat' are invalid.
Could not import relationship with objects ('Z08_SellingWasteheat', 'Z08_PotWasteheat') into 'unit__from_node': Some of the objects in relationship 'unit__from_node_Z08_SellingWasteheat__Z08_PotWasteheat' are invalid.
Could not import relationship with objects ('Z09_SellingWasteheat', 'Z09_PotWasteheat') into 'unit__from_node': Some of the objects in relationship 'unit__from_node_Z09_SellingWasteheat__Z09_PotWasteheat' are invalid.
Could not import relationship with objects ('Z09_SellingWasteheat', 'Z09_PotWasteheat') into 'unit__from_node': Some of the objects in relationship 'unit__from_node_Z09_SellingWasteheat__Z09_PotWasteheat' are invalid.
Could not import relationship with objects ('Z10_SellingWasteheat', 'Z10_PotWasteheat') into 'unit__from_node': Some of the objects in relationship 'unit__from_node_Z10_SellingWasteheat__Z10_PotWasteheat' are invalid.
Could not import relationship with objects ('Z10_SellingWasteheat', 'Z10_PotWasteheat') into 'unit__from_node': Some of the objects in relationship 'unit__from_node_Z10_SellingWasteheat__Z10_PotWasteheat' are invalid.
Could not import relationship with objects ('Z11_SellingWasteheat', 'Z11_PotWasteheat') into 'unit__from_node': Some of the objects in relationship 'unit__from_node_Z11_SellingWasteheat__Z11_PotWasteheat' are invalid.
Could not import relationship with objects ('Z11_SellingWasteheat', 'Z11_PotWasteheat') into 'unit__from_node': Some of the objects in relationship 'unit__from_node_Z11_SellingWasteheat__Z11_PotWasteheat' are invalid.
Could not import relationship with objects ('Z07_SellingWasteheat', 'Z07_DistrictHeating') into 'unit__to_node': Some of the objects in relationship 'unit__to_node_Z07_SellingWasteheat__Z07_DistrictHeating' are invalid.
Could not import relationship with objects ('Z07_SellingWasteheat', 'Z07_DistrictHeating') into 'unit__to_node': Some of the objects in relationship 'unit__to_node_Z07_SellingWasteheat__Z07_DistrictHeating' are invalid.
Could not import relationship with objects ('Z08_SellingWasteheat', 'Z08_DistrictHeating') into 'unit__to_node': Some of the objects in relationship 'unit__to_node_Z08_SellingWasteheat__Z08_DistrictHeating' are invalid.
Could not import relationship with objects ('Z08_SellingWasteheat', 'Z08_DistrictHeating') into 'unit__to_node': Some of the objects in relationship 'unit__to_node_Z08_SellingWasteheat__Z08_DistrictHeating' are invalid.
Could not import relationship with objects ('Z09_SellingWasteheat', 'Z09_DistrictHeating') into 'unit__to_node': Some of the objects in relationship 'unit__to_node_Z09_SellingWasteheat__Z09_DistrictHeating' are invalid.
Could not import relationship with objects ('Z09_SellingWasteheat', 'Z09_DistrictHeating') into 'unit__to_node': Some of the objects in relationship 'unit__to_node_Z09_SellingWasteheat__Z09_DistrictHeating' are invalid.
Could not import relationship with objects ('Z10_SellingWasteheat', 'Z10_DistrictHeating') into 'unit__to_node': Some of the objects in relationship 'unit__to_node_Z10_SellingWasteheat__Z10_DistrictHeating' are invalid.
Could not import relationship with objects ('Z10_SellingWasteheat', 'Z10_DistrictHeating') into 'unit__to_node': Some of the objects in relationship 'unit__to_node_Z10_SellingWasteheat__Z10_DistrictHeating' are invalid.
Could not import relationship with objects ('Z11_SellingWasteheat', 'Z11_DistrictHeating') into 'unit__to_node': Some of the objects in relationship 'unit__to_node_Z11_SellingWasteheat__Z11_DistrictHeating' are invalid.
Could not import relationship with objects ('Z11_SellingWasteheat', 'Z11_DistrictHeating') into 'unit__to_node': Some of the objects in relationship 'unit__to_node_Z11_SellingWasteheat__Z11_DistrictHeating' are invalid.
Could not import relationship with objects ('Z07_SellingWasteheat', 'Z07_DistrictHeating') into 'unit__to_node': Some of the objects in relationship 'unit__to_node_Z07_SellingWasteheat__Z07_DistrictHeating' are invalid.
Could not import relationship with objects ('Z07_SellingWasteheat', 'Z07_DistrictHeating') into 'unit__to_node': Some of the objects in relationship 'unit__to_node_Z07_SellingWasteheat__Z07_DistrictHeating' are invalid.
Could not import relationship with objects ('Z08_SellingWasteheat', 'Z08_DistrictHeating') into 'unit__to_node': Some of the objects in relationship 'unit__to_node_Z08_SellingWasteheat__Z08_DistrictHeating' are invalid.
Could not import relationship with objects ('Z08_SellingWasteheat', 'Z08_DistrictHeating') into 'unit__to_node': Some of the objects in relationship 'unit__to_node_Z08_SellingWasteheat__Z08_DistrictHeating' are invalid.
Could not import relationship with objects ('Z09_SellingWasteheat', 'Z09_DistrictHeating') into 'unit__to_node': Some of the objects in relationship 'unit__to_node_Z09_SellingWasteheat__Z09_DistrictHeating' are invalid.
Could not import relationship with objects ('Z09_SellingWasteheat', 'Z09_DistrictHeating') into 'unit__to_node': Some of the objects in relationship 'unit__to_node_Z09_SellingWasteheat__Z09_DistrictHeating' are invalid.
Could not import relationship with objects ('Z10_SellingWasteheat', 'Z10_DistrictHeating') into 'unit__to_node': Some of the objects in relationship 'unit__to_node_Z10_SellingWasteheat__Z10_DistrictHeating' are invalid.
Could not import relationship with objects ('Z10_SellingWasteheat', 'Z10_DistrictHeating') into 'unit__to_node': Some of the objects in relationship 'unit__to_node_Z10_SellingWasteheat__Z10_DistrictHeating' are invalid.
Could not import relationship with objects ('Z11_SellingWasteheat', 'Z11_DistrictHeating') into 'unit__to_node': Some of the objects in relationship 'unit__to_node_Z11_SellingWasteheat__Z11_DistrictHeating' are invalid.
Could not import relationship with objects ('Z11_SellingWasteheat', 'Z11_DistrictHeating') into 'unit__to_node': Some of the objects in relationship 'unit__to_node_Z11_SellingWasteheat__Z11_DistrictHeating' are invalid.
Could not import relationship with objects ('Z07_SellingWasteheat', 'Z07_DistrictHeating') into 'unit__to_node': Some of the objects in relationship 'unit__to_node_Z07_SellingWasteheat__Z07_DistrictHeating' are invalid.
Could not import relationship with objects ('Z07_SellingWasteheat', 'Z07_DistrictHeating') into 'unit__to_node': Some of the objects in relationship 'unit__to_node_Z07_SellingWasteheat__Z07_DistrictHeating' are invalid.
Could not import relationship with objects ('Z08_SellingWasteheat', 'Z08_DistrictHeating') into 'unit__to_node': Some of the objects in relationship 'unit__to_node_Z08_SellingWasteheat__Z08_DistrictHeating' are invalid.
Could not import relationship with objects ('Z08_SellingWasteheat', 'Z08_DistrictHeating') into 'unit__to_node': Some of the objects in relationship 'unit__to_node_Z08_SellingWasteheat__Z08_DistrictHeating' are invalid.
Could not import relationship with objects ('Z09_SellingWasteheat', 'Z09_DistrictHeating') into 'unit__to_node': Some of the objects in relationship 'unit__to_node_Z09_SellingWasteheat__Z09_DistrictHeating' are invalid.
Could not import relationship with objects ('Z09_SellingWasteheat', 'Z09_DistrictHeating') into 'unit__to_node': Some of the objects in relationship 'unit__to_node_Z09_SellingWasteheat__Z09_DistrictHeating' are invalid.
Could not import relationship with objects ('Z10_SellingWasteheat', 'Z10_DistrictHeating') into 'unit__to_node': Some of the objects in relationship 'unit__to_node_Z10_SellingWasteheat__Z10_DistrictHeating' are invalid.
Could not import relationship with objects ('Z10_SellingWasteheat', 'Z10_DistrictHeating') into 'unit__to_node': Some of the objects in relationship 'unit__to_node_Z10_SellingWasteheat__Z10_DistrictHeating' are invalid.
Could not import relationship with objects ('Z11_SellingWasteheat', 'Z11_DistrictHeating') into 'unit__to_node': Some of the objects in relationship 'unit__to_node_Z11_SellingWasteheat__Z11_DistrictHeating' are invalid.
Could not import relationship with objects ('Z11_SellingWasteheat', 'Z11_DistrictHeating') into 'unit__to_node': Some of the objects in relationship 'unit__to_node_Z11_SellingWasteheat__Z11_DistrictHeating' are invalid.
Could not import relationship with objects ('Z07_SellingWasteheat', 'Z07_DistrictHeating') into 'unit__to_node': Some of the objects in relationship 'unit__to_node_Z07_SellingWasteheat__Z07_DistrictHeating' are invalid.
Could not import relationship with objects ('Z07_SellingWasteheat', 'Z07_DistrictHeating') into 'unit__to_node': Some of the objects in relationship 'unit__to_node_Z07_SellingWasteheat__Z07_DistrictHeating' are invalid.
Could not import relationship with objects ('Z08_SellingWasteheat', 'Z08_DistrictHeating') into 'unit__to_node': Some of the objects in relationship 'unit__to_node_Z08_SellingWasteheat__Z08_DistrictHeating' are invalid.
Could not import relationship with objects ('Z08_SellingWasteheat', 'Z08_DistrictHeating') into 'unit__to_node': Some of the objects in relationship 'unit__to_node_Z08_SellingWasteheat__Z08_DistrictHeating' are invalid.
Could not import relationship with objects ('Z09_SellingWasteheat', 'Z09_DistrictHeating') into 'unit__to_node': Some of the objects in relationship 'unit__to_node_Z09_SellingWasteheat__Z09_DistrictHeating' are invalid.
Could not import relationship with objects ('Z09_SellingWasteheat', 'Z09_DistrictHeating') into 'unit__to_node': Some of the objects in relationship 'unit__to_node_Z09_SellingWasteheat__Z09_DistrictHeating' are invalid.
Could not import relationship with objects ('Z10_SellingWasteheat', 'Z10_DistrictHeating') into 'unit__to_node': Some of the objects in relationship 'unit__to_node_Z10_SellingWasteheat__Z10_DistrictHeating' are invalid.
Could not import relationship with objects ('Z10_SellingWasteheat', 'Z10_DistrictHeating') into 'unit__to_node': Some of the objects in relationship 'unit__to_node_Z10_SellingWasteheat__Z10_DistrictHeating' are invalid.
Could not import relationship with objects ('Z11_SellingWasteheat', 'Z11_DistrictHeating') into 'unit__to_node': Some of the objects in relationship 'unit__to_node_Z11_SellingWasteheat__Z11_DistrictHeating' are invalid.
Could not import relationship with objects ('Z11_SellingWasteheat', 'Z11_DistrictHeating') into 'unit__to_node': Some of the objects in relationship 'unit__to_node_Z11_SellingWasteheat__Z11_DistrictHeating' are invalid.
Could not import relationship with objects ('Z07_Heat', 'HeatProduced') into 'unit__from_node': Some of the objects in relationship 'unit__from_node_Z07_Heat__HeatProduced' are invalid.
Could not import relationship with objects ('Z07_Heat', 'HeatProduced') into 'unit__from_node': Some of the objects in relationship 'unit__from_node_Z07_Heat__HeatProduced' are invalid.
Could not import relationship with objects ('Z08_Heat', 'HeatProduced') into 'unit__from_node': Some of the objects in relationship 'unit__from_node_Z08_Heat__HeatProduced' are invalid.
Could not import relationship with objects ('Z08_Heat', 'HeatProduced') into 'unit__from_node': Some of the objects in relationship 'unit__from_node_Z08_Heat__HeatProduced' are invalid.
Could not import relationship with objects ('Z09_Heat', 'HeatProduced') into 'unit__from_node': Some of the objects in relationship 'unit__from_node_Z09_Heat__HeatProduced' are invalid.
Could not import relationship with objects ('Z09_Heat', 'HeatProduced') into 'unit__from_node': Some of the objects in relationship 'unit__from_node_Z09_Heat__HeatProduced' are invalid.
Could not import relationship with objects ('Z10_Heat', 'HeatProduced') into 'unit__from_node': Some of the objects in relationship 'unit__from_node_Z10_Heat__HeatProduced' are invalid.
Could not import relationship with objects ('Z10_Heat', 'HeatProduced') into 'unit__from_node': Some of the objects in relationship 'unit__from_node_Z10_Heat__HeatProduced' are invalid.
Could not import relationship with objects ('Z11_Heat', 'HeatProduced') into 'unit__from_node': Some of the objects in relationship 'unit__from_node_Z11_Heat__HeatProduced' are invalid.
Could not import relationship with objects ('Z11_Heat', 'HeatProduced') into 'unit__from_node': Some of the objects in relationship 'unit__from_node_Z11_Heat__HeatProduced' are invalid.
Could not import relationship with objects ('Z07_Heat', 'HeatProduced') into 'unit__from_node': Some of the objects in relationship 'unit__from_node_Z07_Heat__HeatProduced' are invalid.
Could not import relationship with objects ('Z07_Heat', 'HeatProduced') into 'unit__from_node': Some of the objects in relationship 'unit__from_node_Z07_Heat__HeatProduced' are invalid.
Could not import relationship with objects ('Z08_Heat', 'HeatProduced') into 'unit__from_node': Some of the objects in relationship 'unit__from_node_Z08_Heat__HeatProduced' are invalid.
Could not import relationship with objects ('Z08_Heat', 'HeatProduced') into 'unit__from_node': Some of the objects in relationship 'unit__from_node_Z08_Heat__HeatProduced' are invalid.
Could not import relationship with objects ('Z09_Heat', 'HeatProduced') into 'unit__from_node': Some of the objects in relationship 'unit__from_node_Z09_Heat__HeatProduced' are invalid.
Could not import relationship with objects ('Z09_Heat', 'HeatProduced') into 'unit__from_node': Some of the objects in relationship 'unit__from_node_Z09_Heat__HeatProduced' are invalid.
Could not import relationship with objects ('Z10_Heat', 'HeatProduced') into 'unit__from_node': Some of the objects in relationship 'unit__from_node_Z10_Heat__HeatProduced' are invalid.
Could not import relationship with objects ('Z10_Heat', 'HeatProduced') into 'unit__from_node': Some of the objects in relationship 'unit__from_node_Z10_Heat__HeatProduced' are invalid.
Could not import relationship with objects ('Z11_Heat', 'HeatProduced') into 'unit__from_node': Some of the objects in relationship 'unit__from_node_Z11_Heat__HeatProduced' are invalid.
Could not import relationship with objects ('Z11_Heat', 'HeatProduced') into 'unit__from_node': Some of the objects in relationship 'unit__from_node_Z11_Heat__HeatProduced' are invalid.
Could not import relationship with objects ('Z07_Heat', 'HeatProduced') into 'unit__from_node': Some of the objects in relationship 'unit__from_node_Z07_Heat__HeatProduced' are invalid.
Could not import relationship with objects ('Z07_Heat', 'HeatProduced') into 'unit__from_node': Some of the objects in relationship 'unit__from_node_Z07_Heat__HeatProduced' are invalid.
Could not import relationship with objects ('Z08_Heat', 'HeatProduced') into 'unit__from_node': Some of the objects in relationship 'unit__from_node_Z08_Heat__HeatProduced' are invalid.
Could not import relationship with objects ('Z08_Heat', 'HeatProduced') into 'unit__from_node': Some of the objects in relationship 'unit__from_node_Z08_Heat__HeatProduced' are invalid.
Could not import relationship with objects ('Z09_Heat', 'HeatProduced') into 'unit__from_node': Some of the objects in relationship 'unit__from_node_Z09_Heat__HeatProduced' are invalid.
Could not import relationship with objects ('Z09_Heat', 'HeatProduced') into 'unit__from_node': Some of the objects in relationship 'unit__from_node_Z09_Heat__HeatProduced' are invalid.
Could not import relationship with objects ('Z10_Heat', 'HeatProduced') into 'unit__from_node': Some of the objects in relationship 'unit__from_node_Z10_Heat__HeatProduced' are invalid.
Could not import relationship with objects ('Z10_Heat', 'HeatProduced') into 'unit__from_node': Some of the objects in relationship 'unit__from_node_Z10_Heat__HeatProduced' are invalid.
Could not import relationship with objects ('Z11_Heat', 'HeatProduced') into 'unit__from_node': Some of the objects in relationship 'unit__from_node_Z11_Heat__HeatProduced' are invalid.
Could not import relationship with objects ('Z11_Heat', 'HeatProduced') into 'unit__from_node': Some of the objects in relationship 'unit__from_node_Z11_Heat__HeatProduced' are invalid.
Could not import relationship with objects ('Z07_Heat', 'HeatProduced') into 'unit__from_node': Some of the objects in relationship 'unit__from_node_Z07_Heat__HeatProduced' are invalid.
Could not import relationship with objects ('Z07_Heat', 'HeatProduced') into 'unit__from_node': Some of the objects in relationship 'unit__from_node_Z07_Heat__HeatProduced' are invalid.
Could not import relationship with objects ('Z08_Heat', 'HeatProduced') into 'unit__from_node': Some of the objects in relationship 'unit__from_node_Z08_Heat__HeatProduced' are invalid.
Could not import relationship with objects ('Z08_Heat', 'HeatProduced') into 'unit__from_node': Some of the objects in relationship 'unit__from_node_Z08_Heat__HeatProduced' are invalid.
Could not import relationship with objects ('Z09_Heat', 'HeatProduced') into 'unit__from_node': Some of the objects in relationship 'unit__from_node_Z09_Heat__HeatProduced' are invalid.
Could not import relationship with objects ('Z09_Heat', 'HeatProduced') into 'unit__from_node': Some of the objects in relationship 'unit__from_node_Z09_Heat__HeatProduced' are invalid.
Could not import relationship with objects ('Z10_Heat', 'HeatProduced') into 'unit__from_node': Some of the objects in relationship 'unit__from_node_Z10_Heat__HeatProduced' are invalid.
Could not import relationship with objects ('Z10_Heat', 'HeatProduced') into 'unit__from_node': Some of the objects in relationship 'unit__from_node_Z10_Heat__HeatProduced' are invalid.
Could not import relationship with objects ('Z11_Heat', 'HeatProduced') into 'unit__from_node': Some of the objects in relationship 'unit__from_node_Z11_Heat__HeatProduced' are invalid.
Could not import relationship with objects ('Z11_Heat', 'HeatProduced') into 'unit__from_node': Some of the objects in relationship 'unit__from_node_Z11_Heat__HeatProduced' are invalid.
Could not import parameter value for '('Z07_El', 'ElProduced')', class 'unit__from_node', parameter 'fuel_cost': Missing object or relationship identifier.
Could not import parameter value for '('Z08_El', 'ElProduced')', class 'unit__from_node', parameter 'fuel_cost': Missing object or relationship identifier.
Could not import parameter value for '('Z09_El', 'ElProduced')', class 'unit__from_node', parameter 'fuel_cost': Missing object or relationship identifier.
Could not import parameter value for '('Z10_El', 'ElProduced')', class 'unit__from_node', parameter 'fuel_cost': Missing object or relationship identifier.
Could not import parameter value for '('Z11_El', 'ElProduced')', class 'unit__from_node', parameter 'fuel_cost': Missing object or relationship identifier.
Could not import parameter value for '('Z07_SellingElectricity', 'Z07')', class 'unit__from_node', parameter 'fuel_cost': Missing object or relationship identifier.
Could not import parameter value for '('Z08_SellingElectricity', 'Z08')', class 'unit__from_node', parameter 'fuel_cost': Missing object or relationship identifier.
Could not import parameter value for '('Z09_SellingElectricity', 'Z09')', class 'unit__from_node', parameter 'fuel_cost': Missing object or relationship identifier.
Could not import parameter value for '('Z10_SellingElectricity', 'Z10')', class 'unit__from_node', parameter 'fuel_cost': Missing object or relationship identifier.
Could not import parameter value for '('Z11_SellingElectricity', 'Z11')', class 'unit__from_node', parameter 'fuel_cost': Missing object or relationship identifier.
Could not import parameter value for '('Z07_SellingWasteheat', 'Z07_PotWasteheat')', class 'unit__from_node', parameter 'fuel_cost': Missing object or relationship identifier.
Could not import parameter value for '('Z08_SellingWasteheat', 'Z08_PotWasteheat')', class 'unit__from_node', parameter 'fuel_cost': Missing object or relationship identifier.
Could not import parameter value for '('Z09_SellingWasteheat', 'Z09_PotWasteheat')', class 'unit__from_node', parameter 'fuel_cost': Missing object or relationship identifier.
Could not import parameter value for '('Z10_SellingWasteheat', 'Z10_PotWasteheat')', class 'unit__from_node', parameter 'fuel_cost': Missing object or relationship identifier.
Could not import parameter value for '('Z11_SellingWasteheat', 'Z11_PotWasteheat')', class 'unit__from_node', parameter 'fuel_cost': Missing object or relationship identifier.
Could not import parameter value for '('Z07_SellingWasteheat', 'Z07_DistrictHeating')', class 'unit__to_node', parameter 'unit_capacity': Missing object or relationship identifier.
Could not import parameter value for '('Z08_SellingWasteheat', 'Z08_DistrictHeating')', class 'unit__to_node', parameter 'unit_capacity': Missing object or relationship identifier.
Could not import parameter value for '('Z09_SellingWasteheat', 'Z09_DistrictHeating')', class 'unit__to_node', parameter 'unit_capacity': Missing object or relationship identifier.
Could not import parameter value for '('Z10_SellingWasteheat', 'Z10_DistrictHeating')', class 'unit__to_node', parameter 'unit_capacity': Missing object or relationship identifier.
Could not import parameter value for '('Z11_SellingWasteheat', 'Z11_DistrictHeating')', class 'unit__to_node', parameter 'unit_capacity': Missing object or relationship identifier.
Could not import parameter value for '('Z07_Heat', 'HeatProduced')', class 'unit__from_node', parameter 'fuel_cost': Missing object or relationship identifier.
Could not import parameter value for '('Z08_Heat', 'HeatProduced')', class 'unit__from_node', parameter 'fuel_cost': Missing object or relationship identifier.
Could not import parameter value for '('Z09_Heat', 'HeatProduced')', class 'unit__from_node', parameter 'fuel_cost': Missing object or relationship identifier.
Could not import parameter value for '('Z10_Heat', 'HeatProduced')', class 'unit__from_node', parameter 'fuel_cost': Missing object or relationship identifier.
Could not import parameter value for '('Z11_Heat', 'HeatProduced')', class 'unit__from_node', parameter 'fuel_cost': Missing object or relationship identifier.
