Could not import relationship with objects ('WoodImport', 'Z01_Wood') into 'unit__to_node': Some of the objects in relationship 'unit__to_node_WoodImport__Z01_Wood' are invalid.
Could not import relationship with objects ('WoodImport', 'Z02_Wood') into 'unit__to_node': Some of the objects in relationship 'unit__to_node_WoodImport__Z02_Wood' are invalid.
Could not import relationship with objects ('WoodImport', 'Z03_Wood') into 'unit__to_node': Some of the objects in relationship 'unit__to_node_WoodImport__Z03_Wood' are invalid.
Could not import relationship with objects ('WoodImport', 'Z04_Wood') into 'unit__to_node': Some of the objects in relationship 'unit__to_node_WoodImport__Z04_Wood' are invalid.
Could not import relationship with objects ('WoodImport', 'Z05_Wood') into 'unit__to_node': Some of the objects in relationship 'unit__to_node_WoodImport__Z05_Wood' are invalid.
Could not import relationship with objects ('WoodImport', 'Z06_Wood') into 'unit__to_node': Some of the objects in relationship 'unit__to_node_WoodImport__Z06_Wood' are invalid.
Could not import relationship with objects ('WoodImport', 'Z07_Wood') into 'unit__to_node': Some of the objects in relationship 'unit__to_node_WoodImport__Z07_Wood' are invalid.
Could not import relationship with objects ('WoodImport', 'Z08_Wood') into 'unit__to_node': Some of the objects in relationship 'unit__to_node_WoodImport__Z08_Wood' are invalid.
Could not import relationship with objects ('WoodImport', 'Z09_Wood') into 'unit__to_node': Some of the objects in relationship 'unit__to_node_WoodImport__Z09_Wood' are invalid.
Could not import relationship with objects ('WoodImport', 'Z10_Wood') into 'unit__to_node': Some of the objects in relationship 'unit__to_node_WoodImport__Z10_Wood' are invalid.
Could not import relationship with objects ('WoodImport', 'Z11_Wood') into 'unit__to_node': Some of the objects in relationship 'unit__to_node_WoodImport__Z11_Wood' are invalid.
Could not import relationship with objects ('WoodImport', 'Z01_Wood') into 'unit__to_node': Some of the objects in relationship 'unit__to_node_WoodImport__Z01_Wood' are invalid.
Could not import relationship with objects ('WoodImport', 'Z02_Wood') into 'unit__to_node': Some of the objects in relationship 'unit__to_node_WoodImport__Z02_Wood' are invalid.
Could not import relationship with objects ('WoodImport', 'Z03_Wood') into 'unit__to_node': Some of the objects in relationship 'unit__to_node_WoodImport__Z03_Wood' are invalid.
Could not import relationship with objects ('WoodImport', 'Z04_Wood') into 'unit__to_node': Some of the objects in relationship 'unit__to_node_WoodImport__Z04_Wood' are invalid.
Could not import relationship with objects ('WoodImport', 'Z05_Wood') into 'unit__to_node': Some of the objects in relationship 'unit__to_node_WoodImport__Z05_Wood' are invalid.
Could not import relationship with objects ('WoodImport', 'Z06_Wood') into 'unit__to_node': Some of the objects in relationship 'unit__to_node_WoodImport__Z06_Wood' are invalid.
Could not import relationship with objects ('WoodImport', 'Z07_Wood') into 'unit__to_node': Some of the objects in relationship 'unit__to_node_WoodImport__Z07_Wood' are invalid.
Could not import relationship with objects ('WoodImport', 'Z08_Wood') into 'unit__to_node': Some of the objects in relationship 'unit__to_node_WoodImport__Z08_Wood' are invalid.
Could not import relationship with objects ('WoodImport', 'Z09_Wood') into 'unit__to_node': Some of the objects in relationship 'unit__to_node_WoodImport__Z09_Wood' are invalid.
Could not import relationship with objects ('WoodImport', 'Z10_Wood') into 'unit__to_node': Some of the objects in relationship 'unit__to_node_WoodImport__Z10_Wood' are invalid.
Could not import relationship with objects ('WoodImport', 'Z11_Wood') into 'unit__to_node': Some of the objects in relationship 'unit__to_node_WoodImport__Z11_Wood' are invalid.
Could not import relationship with objects ('Fossil_Diesel', 'Z01_Road') into 'unit__to_node': Some of the objects in relationship 'unit__to_node_Fossil_Diesel__Z01_Road' are invalid.
Could not import relationship with objects ('Fossil_Diesel', 'Z02_Road') into 'unit__to_node': Some of the objects in relationship 'unit__to_node_Fossil_Diesel__Z02_Road' are invalid.
Could not import relationship with objects ('Fossil_Diesel', 'Z03_Road') into 'unit__to_node': Some of the objects in relationship 'unit__to_node_Fossil_Diesel__Z03_Road' are invalid.
Could not import relationship with objects ('Fossil_Diesel', 'Z04_Road') into 'unit__to_node': Some of the objects in relationship 'unit__to_node_Fossil_Diesel__Z04_Road' are invalid.
Could not import relationship with objects ('Fossil_Diesel', 'Z05_Road') into 'unit__to_node': Some of the objects in relationship 'unit__to_node_Fossil_Diesel__Z05_Road' are invalid.
Could not import relationship with objects ('Fossil_Diesel', 'Z06_Road') into 'unit__to_node': Some of the objects in relationship 'unit__to_node_Fossil_Diesel__Z06_Road' are invalid.
Could not import relationship with objects ('Fossil_FuelOil', 'Z01_Shipping') into 'unit__to_node': Some of the objects in relationship 'unit__to_node_Fossil_FuelOil__Z01_Shipping' are invalid.
Could not import relationship with objects ('Fossil_FuelOil', 'Z02_Shipping') into 'unit__to_node': Some of the objects in relationship 'unit__to_node_Fossil_FuelOil__Z02_Shipping' are invalid.
Could not import relationship with objects ('Fossil_FuelOil', 'Z03_Shipping') into 'unit__to_node': Some of the objects in relationship 'unit__to_node_Fossil_FuelOil__Z03_Shipping' are invalid.
Could not import relationship with objects ('Fossil_FuelOil', 'Z04_Shipping') into 'unit__to_node': Some of the objects in relationship 'unit__to_node_Fossil_FuelOil__Z04_Shipping' are invalid.
Could not import relationship with objects ('Fossil_FuelOil', 'Z05_Shipping') into 'unit__to_node': Some of the objects in relationship 'unit__to_node_Fossil_FuelOil__Z05_Shipping' are invalid.
Could not import relationship with objects ('Fossil_FuelOil', 'Z06_Shipping') into 'unit__to_node': Some of the objects in relationship 'unit__to_node_Fossil_FuelOil__Z06_Shipping' are invalid.
Could not import relationship with objects ('Fossil_Jetfuel', 'Z01_Jetfuel') into 'unit__to_node': Some of the objects in relationship 'unit__to_node_Fossil_Jetfuel__Z01_Jetfuel' are invalid.
Could not import relationship with objects ('Fossil_Jetfuel', 'Z02_Jetfuel') into 'unit__to_node': Some of the objects in relationship 'unit__to_node_Fossil_Jetfuel__Z02_Jetfuel' are invalid.
Could not import relationship with objects ('Fossil_Jetfuel', 'Z03_Jetfuel') into 'unit__to_node': Some of the objects in relationship 'unit__to_node_Fossil_Jetfuel__Z03_Jetfuel' are invalid.
Could not import relationship with objects ('Fossil_Jetfuel', 'Z04_Jetfuel') into 'unit__to_node': Some of the objects in relationship 'unit__to_node_Fossil_Jetfuel__Z04_Jetfuel' are invalid.
Could not import relationship with objects ('Fossil_Jetfuel', 'Z05_Jetfuel') into 'unit__to_node': Some of the objects in relationship 'unit__to_node_Fossil_Jetfuel__Z05_Jetfuel' are invalid.
Could not import relationship with objects ('Fossil_Jetfuel', 'Z06_Jetfuel') into 'unit__to_node': Some of the objects in relationship 'unit__to_node_Fossil_Jetfuel__Z06_Jetfuel' are invalid.
Could not import relationship with objects ('Fossil_Diesel', 'Z01_Road') into 'unit__to_node': Some of the objects in relationship 'unit__to_node_Fossil_Diesel__Z01_Road' are invalid.
Could not import relationship with objects ('Fossil_Diesel', 'Z02_Road') into 'unit__to_node': Some of the objects in relationship 'unit__to_node_Fossil_Diesel__Z02_Road' are invalid.
Could not import relationship with objects ('Fossil_Diesel', 'Z03_Road') into 'unit__to_node': Some of the objects in relationship 'unit__to_node_Fossil_Diesel__Z03_Road' are invalid.
Could not import relationship with objects ('Fossil_Diesel', 'Z04_Road') into 'unit__to_node': Some of the objects in relationship 'unit__to_node_Fossil_Diesel__Z04_Road' are invalid.
Could not import relationship with objects ('Fossil_Diesel', 'Z05_Road') into 'unit__to_node': Some of the objects in relationship 'unit__to_node_Fossil_Diesel__Z05_Road' are invalid.
Could not import relationship with objects ('Fossil_Diesel', 'Z06_Road') into 'unit__to_node': Some of the objects in relationship 'unit__to_node_Fossil_Diesel__Z06_Road' are invalid.
Could not import relationship with objects ('Fossil_Diesel', 'Z07_Road') into 'unit__to_node': Some of the objects in relationship 'unit__to_node_Fossil_Diesel__Z07_Road' are invalid.
Could not import relationship with objects ('Fossil_Diesel', 'Z08_Road') into 'unit__to_node': Some of the objects in relationship 'unit__to_node_Fossil_Diesel__Z08_Road' are invalid.
Could not import relationship with objects ('Fossil_Diesel', 'Z09_Road') into 'unit__to_node': Some of the objects in relationship 'unit__to_node_Fossil_Diesel__Z09_Road' are invalid.
Could not import relationship with objects ('Fossil_Diesel', 'Z10_Road') into 'unit__to_node': Some of the objects in relationship 'unit__to_node_Fossil_Diesel__Z10_Road' are invalid.
Could not import relationship with objects ('Fossil_Diesel', 'Z11_Road') into 'unit__to_node': Some of the objects in relationship 'unit__to_node_Fossil_Diesel__Z11_Road' are invalid.
Could not import relationship with objects ('Fossil_FuelOil', 'Z01_Shipping') into 'unit__to_node': Some of the objects in relationship 'unit__to_node_Fossil_FuelOil__Z01_Shipping' are invalid.
Could not import relationship with objects ('Fossil_FuelOil', 'Z02_Shipping') into 'unit__to_node': Some of the objects in relationship 'unit__to_node_Fossil_FuelOil__Z02_Shipping' are invalid.
Could not import relationship with objects ('Fossil_FuelOil', 'Z03_Shipping') into 'unit__to_node': Some of the objects in relationship 'unit__to_node_Fossil_FuelOil__Z03_Shipping' are invalid.
Could not import relationship with objects ('Fossil_FuelOil', 'Z04_Shipping') into 'unit__to_node': Some of the objects in relationship 'unit__to_node_Fossil_FuelOil__Z04_Shipping' are invalid.
Could not import relationship with objects ('Fossil_FuelOil', 'Z05_Shipping') into 'unit__to_node': Some of the objects in relationship 'unit__to_node_Fossil_FuelOil__Z05_Shipping' are invalid.
Could not import relationship with objects ('Fossil_FuelOil', 'Z06_Shipping') into 'unit__to_node': Some of the objects in relationship 'unit__to_node_Fossil_FuelOil__Z06_Shipping' are invalid.
Could not import relationship with objects ('Fossil_FuelOil', 'Z07_Shipping') into 'unit__to_node': Some of the objects in relationship 'unit__to_node_Fossil_FuelOil__Z07_Shipping' are invalid.
Could not import relationship with objects ('Fossil_FuelOil', 'Z08_Shipping') into 'unit__to_node': Some of the objects in relationship 'unit__to_node_Fossil_FuelOil__Z08_Shipping' are invalid.
Could not import relationship with objects ('Fossil_FuelOil', 'Z09_Shipping') into 'unit__to_node': Some of the objects in relationship 'unit__to_node_Fossil_FuelOil__Z09_Shipping' are invalid.
Could not import relationship with objects ('Fossil_FuelOil', 'Z10_Shipping') into 'unit__to_node': Some of the objects in relationship 'unit__to_node_Fossil_FuelOil__Z10_Shipping' are invalid.
Could not import relationship with objects ('Fossil_FuelOil', 'Z11_Shipping') into 'unit__to_node': Some of the objects in relationship 'unit__to_node_Fossil_FuelOil__Z11_Shipping' are invalid.
Could not import relationship with objects ('Fossil_Jetfuel', 'Z01_Jetfuel') into 'unit__to_node': Some of the objects in relationship 'unit__to_node_Fossil_Jetfuel__Z01_Jetfuel' are invalid.
Could not import relationship with objects ('Fossil_Jetfuel', 'Z02_Jetfuel') into 'unit__to_node': Some of the objects in relationship 'unit__to_node_Fossil_Jetfuel__Z02_Jetfuel' are invalid.
Could not import relationship with objects ('Fossil_Jetfuel', 'Z03_Jetfuel') into 'unit__to_node': Some of the objects in relationship 'unit__to_node_Fossil_Jetfuel__Z03_Jetfuel' are invalid.
Could not import relationship with objects ('Fossil_Jetfuel', 'Z04_Jetfuel') into 'unit__to_node': Some of the objects in relationship 'unit__to_node_Fossil_Jetfuel__Z04_Jetfuel' are invalid.
Could not import relationship with objects ('Fossil_Jetfuel', 'Z05_Jetfuel') into 'unit__to_node': Some of the objects in relationship 'unit__to_node_Fossil_Jetfuel__Z05_Jetfuel' are invalid.
Could not import relationship with objects ('Fossil_Jetfuel', 'Z06_Jetfuel') into 'unit__to_node': Some of the objects in relationship 'unit__to_node_Fossil_Jetfuel__Z06_Jetfuel' are invalid.
Could not import relationship with objects ('Fossil_Jetfuel', 'Z07_Jetfuel') into 'unit__to_node': Some of the objects in relationship 'unit__to_node_Fossil_Jetfuel__Z07_Jetfuel' are invalid.
Could not import relationship with objects ('Fossil_Jetfuel', 'Z08_Jetfuel') into 'unit__to_node': Some of the objects in relationship 'unit__to_node_Fossil_Jetfuel__Z08_Jetfuel' are invalid.
Could not import relationship with objects ('Fossil_Jetfuel', 'Z09_Jetfuel') into 'unit__to_node': Some of the objects in relationship 'unit__to_node_Fossil_Jetfuel__Z09_Jetfuel' are invalid.
Could not import relationship with objects ('Fossil_Jetfuel', 'Z10_Jetfuel') into 'unit__to_node': Some of the objects in relationship 'unit__to_node_Fossil_Jetfuel__Z10_Jetfuel' are invalid.
Could not import relationship with objects ('Fossil_Jetfuel', 'Z11_Jetfuel') into 'unit__to_node': Some of the objects in relationship 'unit__to_node_Fossil_Jetfuel__Z11_Jetfuel' are invalid.
Could not import parameter value for '['WoodImport', 'Z01_Wood']', class 'unit__to_node', parameter 'fuel_cost': Missing object or relationship identifier.
Could not import parameter value for '['WoodImport', 'Z02_Wood']', class 'unit__to_node', parameter 'fuel_cost': Missing object or relationship identifier.
Could not import parameter value for '['WoodImport', 'Z03_Wood']', class 'unit__to_node', parameter 'fuel_cost': Missing object or relationship identifier.
Could not import parameter value for '['WoodImport', 'Z04_Wood']', class 'unit__to_node', parameter 'fuel_cost': Missing object or relationship identifier.
Could not import parameter value for '['WoodImport', 'Z05_Wood']', class 'unit__to_node', parameter 'fuel_cost': Missing object or relationship identifier.
Could not import parameter value for '['WoodImport', 'Z06_Wood']', class 'unit__to_node', parameter 'fuel_cost': Missing object or relationship identifier.
Could not import parameter value for '['WoodImport', 'Z07_Wood']', class 'unit__to_node', parameter 'fuel_cost': Missing object or relationship identifier.
Could not import parameter value for '['WoodImport', 'Z08_Wood']', class 'unit__to_node', parameter 'fuel_cost': Missing object or relationship identifier.
Could not import parameter value for '['WoodImport', 'Z09_Wood']', class 'unit__to_node', parameter 'fuel_cost': Missing object or relationship identifier.
Could not import parameter value for '['WoodImport', 'Z10_Wood']', class 'unit__to_node', parameter 'fuel_cost': Missing object or relationship identifier.
Could not import parameter value for '['WoodImport', 'Z11_Wood']', class 'unit__to_node', parameter 'fuel_cost': Missing object or relationship identifier.
Could not import parameter value for '['WoodImport', 'Z01_Wood']', class 'unit__to_node', parameter 'fuel_cost': Missing object or relationship identifier.
Could not import parameter value for '['WoodImport', 'Z02_Wood']', class 'unit__to_node', parameter 'fuel_cost': Missing object or relationship identifier.
Could not import parameter value for '['WoodImport', 'Z03_Wood']', class 'unit__to_node', parameter 'fuel_cost': Missing object or relationship identifier.
Could not import parameter value for '['WoodImport', 'Z04_Wood']', class 'unit__to_node', parameter 'fuel_cost': Missing object or relationship identifier.
Could not import parameter value for '['WoodImport', 'Z05_Wood']', class 'unit__to_node', parameter 'fuel_cost': Missing object or relationship identifier.
Could not import parameter value for '['WoodImport', 'Z06_Wood']', class 'unit__to_node', parameter 'fuel_cost': Missing object or relationship identifier.
Could not import parameter value for '['WoodImport', 'Z07_Wood']', class 'unit__to_node', parameter 'fuel_cost': Missing object or relationship identifier.
Could not import parameter value for '['WoodImport', 'Z08_Wood']', class 'unit__to_node', parameter 'fuel_cost': Missing object or relationship identifier.
Could not import parameter value for '['WoodImport', 'Z09_Wood']', class 'unit__to_node', parameter 'fuel_cost': Missing object or relationship identifier.
Could not import parameter value for '['WoodImport', 'Z10_Wood']', class 'unit__to_node', parameter 'fuel_cost': Missing object or relationship identifier.
Could not import parameter value for '['WoodImport', 'Z11_Wood']', class 'unit__to_node', parameter 'fuel_cost': Missing object or relationship identifier.
Could not import parameter value for '['Fossil_Diesel', 'Z01_Road']', class 'unit__to_node', parameter 'vom_cost': Missing object or relationship identifier.
Could not import parameter value for '['Fossil_Diesel', 'Z02_Road']', class 'unit__to_node', parameter 'vom_cost': Missing object or relationship identifier.
Could not import parameter value for '['Fossil_Diesel', 'Z03_Road']', class 'unit__to_node', parameter 'vom_cost': Missing object or relationship identifier.
Could not import parameter value for '['Fossil_Diesel', 'Z04_Road']', class 'unit__to_node', parameter 'vom_cost': Missing object or relationship identifier.
Could not import parameter value for '['Fossil_Diesel', 'Z05_Road']', class 'unit__to_node', parameter 'vom_cost': Missing object or relationship identifier.
Could not import parameter value for '['Fossil_Diesel', 'Z06_Road']', class 'unit__to_node', parameter 'vom_cost': Missing object or relationship identifier.
Could not import parameter value for '['Fossil_FuelOil', 'Z01_Shipping']', class 'unit__to_node', parameter 'vom_cost': Missing object or relationship identifier.
Could not import parameter value for '['Fossil_FuelOil', 'Z02_Shipping']', class 'unit__to_node', parameter 'vom_cost': Missing object or relationship identifier.
Could not import parameter value for '['Fossil_FuelOil', 'Z03_Shipping']', class 'unit__to_node', parameter 'vom_cost': Missing object or relationship identifier.
Could not import parameter value for '['Fossil_FuelOil', 'Z04_Shipping']', class 'unit__to_node', parameter 'vom_cost': Missing object or relationship identifier.
Could not import parameter value for '['Fossil_FuelOil', 'Z05_Shipping']', class 'unit__to_node', parameter 'vom_cost': Missing object or relationship identifier.
Could not import parameter value for '['Fossil_FuelOil', 'Z06_Shipping']', class 'unit__to_node', parameter 'vom_cost': Missing object or relationship identifier.
Could not import parameter value for '['Fossil_Jetfuel', 'Z01_Jetfuel']', class 'unit__to_node', parameter 'vom_cost': Missing object or relationship identifier.
Could not import parameter value for '['Fossil_Jetfuel', 'Z02_Jetfuel']', class 'unit__to_node', parameter 'vom_cost': Missing object or relationship identifier.
Could not import parameter value for '['Fossil_Jetfuel', 'Z03_Jetfuel']', class 'unit__to_node', parameter 'vom_cost': Missing object or relationship identifier.
Could not import parameter value for '['Fossil_Jetfuel', 'Z04_Jetfuel']', class 'unit__to_node', parameter 'vom_cost': Missing object or relationship identifier.
Could not import parameter value for '['Fossil_Jetfuel', 'Z05_Jetfuel']', class 'unit__to_node', parameter 'vom_cost': Missing object or relationship identifier.
Could not import parameter value for '['Fossil_Jetfuel', 'Z06_Jetfuel']', class 'unit__to_node', parameter 'vom_cost': Missing object or relationship identifier.
Could not import parameter value for '['Fossil_Diesel', 'Z01_Road']', class 'unit__to_node', parameter 'fix_unit_flow': Missing object or relationship identifier.
Could not import parameter value for '['Fossil_Diesel', 'Z02_Road']', class 'unit__to_node', parameter 'fix_unit_flow': Missing object or relationship identifier.
Could not import parameter value for '['Fossil_Diesel', 'Z03_Road']', class 'unit__to_node', parameter 'fix_unit_flow': Missing object or relationship identifier.
Could not import parameter value for '['Fossil_Diesel', 'Z04_Road']', class 'unit__to_node', parameter 'fix_unit_flow': Missing object or relationship identifier.
Could not import parameter value for '['Fossil_Diesel', 'Z05_Road']', class 'unit__to_node', parameter 'fix_unit_flow': Missing object or relationship identifier.
Could not import parameter value for '['Fossil_Diesel', 'Z06_Road']', class 'unit__to_node', parameter 'fix_unit_flow': Missing object or relationship identifier.
Could not import parameter value for '['Fossil_Diesel', 'Z07_Road']', class 'unit__to_node', parameter 'fix_unit_flow': Missing object or relationship identifier.
Could not import parameter value for '['Fossil_Diesel', 'Z08_Road']', class 'unit__to_node', parameter 'fix_unit_flow': Missing object or relationship identifier.
Could not import parameter value for '['Fossil_Diesel', 'Z09_Road']', class 'unit__to_node', parameter 'fix_unit_flow': Missing object or relationship identifier.
Could not import parameter value for '['Fossil_Diesel', 'Z10_Road']', class 'unit__to_node', parameter 'fix_unit_flow': Missing object or relationship identifier.
Could not import parameter value for '['Fossil_Diesel', 'Z11_Road']', class 'unit__to_node', parameter 'fix_unit_flow': Missing object or relationship identifier.
Could not import parameter value for '['Fossil_FuelOil', 'Z01_Shipping']', class 'unit__to_node', parameter 'fix_unit_flow': Missing object or relationship identifier.
Could not import parameter value for '['Fossil_FuelOil', 'Z02_Shipping']', class 'unit__to_node', parameter 'fix_unit_flow': Missing object or relationship identifier.
Could not import parameter value for '['Fossil_FuelOil', 'Z03_Shipping']', class 'unit__to_node', parameter 'fix_unit_flow': Missing object or relationship identifier.
Could not import parameter value for '['Fossil_FuelOil', 'Z04_Shipping']', class 'unit__to_node', parameter 'fix_unit_flow': Missing object or relationship identifier.
Could not import parameter value for '['Fossil_FuelOil', 'Z05_Shipping']', class 'unit__to_node', parameter 'fix_unit_flow': Missing object or relationship identifier.
Could not import parameter value for '['Fossil_FuelOil', 'Z06_Shipping']', class 'unit__to_node', parameter 'fix_unit_flow': Missing object or relationship identifier.
Could not import parameter value for '['Fossil_FuelOil', 'Z07_Shipping']', class 'unit__to_node', parameter 'fix_unit_flow': Missing object or relationship identifier.
Could not import parameter value for '['Fossil_FuelOil', 'Z08_Shipping']', class 'unit__to_node', parameter 'fix_unit_flow': Missing object or relationship identifier.
Could not import parameter value for '['Fossil_FuelOil', 'Z09_Shipping']', class 'unit__to_node', parameter 'fix_unit_flow': Missing object or relationship identifier.
Could not import parameter value for '['Fossil_FuelOil', 'Z10_Shipping']', class 'unit__to_node', parameter 'fix_unit_flow': Missing object or relationship identifier.
Could not import parameter value for '['Fossil_FuelOil', 'Z11_Shipping']', class 'unit__to_node', parameter 'fix_unit_flow': Missing object or relationship identifier.
Could not import parameter value for '['Fossil_Jetfuel', 'Z01_Jetfuel']', class 'unit__to_node', parameter 'fix_unit_flow': Missing object or relationship identifier.
Could not import parameter value for '['Fossil_Jetfuel', 'Z02_Jetfuel']', class 'unit__to_node', parameter 'fix_unit_flow': Missing object or relationship identifier.
Could not import parameter value for '['Fossil_Jetfuel', 'Z03_Jetfuel']', class 'unit__to_node', parameter 'fix_unit_flow': Missing object or relationship identifier.
Could not import parameter value for '['Fossil_Jetfuel', 'Z04_Jetfuel']', class 'unit__to_node', parameter 'fix_unit_flow': Missing object or relationship identifier.
Could not import parameter value for '['Fossil_Jetfuel', 'Z05_Jetfuel']', class 'unit__to_node', parameter 'fix_unit_flow': Missing object or relationship identifier.
Could not import parameter value for '['Fossil_Jetfuel', 'Z06_Jetfuel']', class 'unit__to_node', parameter 'fix_unit_flow': Missing object or relationship identifier.
Could not import parameter value for '['Fossil_Jetfuel', 'Z07_Jetfuel']', class 'unit__to_node', parameter 'fix_unit_flow': Missing object or relationship identifier.
Could not import parameter value for '['Fossil_Jetfuel', 'Z08_Jetfuel']', class 'unit__to_node', parameter 'fix_unit_flow': Missing object or relationship identifier.
Could not import parameter value for '['Fossil_Jetfuel', 'Z09_Jetfuel']', class 'unit__to_node', parameter 'fix_unit_flow': Missing object or relationship identifier.
Could not import parameter value for '['Fossil_Jetfuel', 'Z10_Jetfuel']', class 'unit__to_node', parameter 'fix_unit_flow': Missing object or relationship identifier.
Could not import parameter value for '['Fossil_Jetfuel', 'Z11_Jetfuel']', class 'unit__to_node', parameter 'fix_unit_flow': Missing object or relationship identifier.
